[07-Mar-2017 23:11:49 Asia/Tokyo] PHP Parse error:  syntax error, unexpected '!', expecting ',' or ';' in /home/ubuntu/workspace/original-service/storage/framework/views/71ba49b3be157417f9d581dbc1fcd9ab on line 19
[07-Mar-2017 23:11:49 Asia/Tokyo] PHP Stack trace:
[07-Mar-2017 23:11:49 Asia/Tokyo] PHP   1. {main}() /home/ubuntu/workspace/original-service/server.php:0
[07-Mar-2017 23:11:49 Asia/Tokyo] PHP   2. require_once() /home/ubuntu/workspace/original-service/server.php:21
[07-Mar-2017 23:11:49 Asia/Tokyo] PHP   3. Illuminate\Foundation\Http\Kernel->handle() /home/ubuntu/workspace/original-service/public/index.php:54
[07-Mar-2017 23:11:49 Asia/Tokyo] PHP   4. Illuminate\Foundation\Http\Kernel->sendRequestThroughRouter() /home/ubuntu/workspace/original-service/vendor/laravel/framework/src/Illuminate/Foundation/Http/Kernel.php:87
[07-Mar-2017 23:11:49 Asia/Tokyo] PHP   5. Illuminate\Pipeline\Pipeline->then() /home/ubuntu/workspace/original-service/vendor/laravel/framework/src/Illuminate/Foundation/Http/Kernel.php:122
[07-Mar-2017 23:11:49 Asia/Tokyo] PHP   6. call_user_func:{/home/ubuntu/workspace/original-service/vendor/laravel/framework/src/Illuminate/Pipeline/Pipeline.php:103}() /home/ubuntu/workspace/original-service/vendor/laravel/framework/src/Illuminate/Pipeline/Pipeline.php:103
[07-Mar-2017 23:11:49 Asia/Tokyo] PHP   7. Illuminate\Pipeline\Pipeline->Illuminate\Pipeline\{closure}() /home/ubuntu/workspace/original-service/vendor/laravel/framework/src/Illuminate/Pipeline/Pipeline.php:103
[07-Mar-2017 23:11:49 Asia/Tokyo] PHP   8. call_user_func_array:{/home/ubuntu/workspace/original-service/vendor/laravel/framework/src/Illuminate/Pipeline/Pipeline.php:124}() /home/ubuntu/workspace/original-service/vendor/laravel/framework/src/Illuminate/Pipeline/Pipeline.php:124
[07-Mar-2017 23:11:49 Asia/Tokyo] PHP   9. Illuminate\Foundation\Http\Middleware\CheckForMaintenanceMode->handle() /home/ubuntu/workspace/original-service/vendor/laravel/framework/src/Illuminate/Pipeline/Pipeline.php:124
[07-Mar-2017 23:11:49 Asia/Tokyo] PHP  10. Illuminate\Pipeline\Pipeline->Illuminate\Pipeline\{closure}() /home/ubuntu/workspace/original-service/vendor/laravel/framework/src/Illuminate/Foundation/Http/Middleware/CheckForMaintenanceMode.php:44
[07-Mar-2017 23:11:49 Asia/Tokyo] PHP  11. call_user_func_array:{/home/ubuntu/workspace/original-service/vendor/laravel/framework/src/Illuminate/Pipeline/Pipeline.php:124}() /home/ubuntu/workspace/original-service/vendor/laravel/framework/src/Illuminate/Pipeline/Pipeline.php:124
[07-Mar-2017 23:11:49 Asia/Tokyo] PHP  12. Illuminate\Cookie\Middleware\EncryptCookies->handle() /home/ubuntu/workspace/original-service/vendor/laravel/framework/src/Illuminate/Pipeline/Pipeline.php:124
[07-Mar-2017 23:11:49 Asia/Tokyo] PHP  13. Illuminate\Pipeline\Pipeline->Illuminate\Pipeline\{closure}() /home/ubuntu/workspace/original-service/vendor/laravel/framework/src/Illuminate/Cookie/Middleware/EncryptCookies.php:59
[07-Mar-2017 23:11:49 Asia/Tokyo] PHP  14. call_user_func_array:{/home/ubuntu/workspace/original-service/vendor/laravel/framework/src/Illuminate/Pipeline/Pipeline.php:124}() /home/ubuntu/workspace/original-service/vendor/laravel/framework/src/Illuminate/Pipeline/Pipeline.php:124
[07-Mar-2017 23:11:49 Asia/Tokyo] PHP  15. Illuminate\Cookie\Middleware\AddQueuedCookiesToResponse->handle() /home/ubuntu/workspace/original-service/vendor/laravel/framework/src/Illuminate/Pipeline/Pipeline.php:124
[07-Mar-2017 23:11:49 Asia/Tokyo] PHP  16. Illuminate\Pipeline\Pipeline->Illuminate\Pipeline\{closure}() /home/ubuntu/workspace/original-service/vendor/laravel/framework/src/Illuminate/Cookie/Middleware/AddQueuedCookiesToResponse.php:37
[07-Mar-2017 23:11:49 Asia/Tokyo] PHP  17. call_user_func_array:{/home/ubuntu/workspace/original-service/vendor/laravel/framework/src/Illuminate/Pipeline/Pipeline.php:124}() /home/ubuntu/workspace/original-service/vendor/laravel/framework/src/Illuminate/Pipeline/Pipeline.php:124
[07-Mar-2017 23:11:49 Asia/Tokyo] PHP  18. Illuminate\Session\Middleware\StartSession->handle() /home/ubuntu/workspace/original-service/vendor/laravel/framework/src/Illuminate/Pipeline/Pipeline.php:124
[07-Mar-2017 23:11:49 Asia/Tokyo] PHP  19. Illuminate\Pipeline\Pipeline->Illuminate\Pipeline\{closure}() /home/ubuntu/workspace/original-service/vendor/laravel/framework/src/Illuminate/Session/Middleware/StartSession.php:62
[07-Mar-2017 23:11:49 Asia/Tokyo] PHP  20. call_user_func_array:{/home/ubuntu/workspace/original-service/vendor/laravel/framework/src/Illuminate/Pipeline/Pipeline.php:124}() /home/ubuntu/workspace/original-service/vendor/laravel/framework/src/Illuminate/Pipeline/Pipeline.php:124
[07-Mar-2017 23:11:49 Asia/Tokyo] PHP  21. Illuminate\View\Middleware\ShareErrorsFromSession->handle() /home/ubuntu/workspace/original-service/vendor/laravel/framework/src/Illuminate/Pipeline/Pipeline.php:124
[07-Mar-2017 23:11:49 Asia/Tokyo] PHP  22. Illuminate\Pipeline\Pipeline->Illuminate\Pipeline\{closure}() /home/ubuntu/workspace/original-service/vendor/laravel/framework/src/Illuminate/View/Middleware/ShareErrorsFromSession.php:49
[07-Mar-2017 23:11:49 Asia/Tokyo] PHP  23. call_user_func_array:{/home/ubuntu/workspace/original-service/vendor/laravel/framework/src/Illuminate/Pipeline/Pipeline.php:124}() /home/ubuntu/workspace/original-service/vendor/laravel/framework/src/Illuminate/Pipeline/Pipeline.php:124
[07-Mar-2017 23:11:49 Asia/Tokyo] PHP  24. Illuminate\Foundation\Http\Middleware\VerifyCsrfToken->handle() /home/ubuntu/workspace/original-service/vendor/laravel/framework/src/Illuminate/Pipeline/Pipeline.php:124
[07-Mar-2017 23:11:49 Asia/Tokyo] PHP  25. Illuminate\Pipeline\Pipeline->Illuminate\Pipeline\{closure}() /home/ubuntu/workspace/original-service/vendor/laravel/framework/src/Illuminate/Foundation/Http/Middleware/VerifyCsrfToken.php:50
[07-Mar-2017 23:11:49 Asia/Tokyo] PHP  26. call_user_func:{/home/ubuntu/workspace/original-service/vendor/laravel/framework/src/Illuminate/Pipeline/Pipeline.php:139}() /home/ubuntu/workspace/original-service/vendor/laravel/framework/src/Illuminate/Pipeline/Pipeline.php:139
[07-Mar-2017 23:11:49 Asia/Tokyo] PHP  27. Illuminate\Foundation\Http\Kernel->Illuminate\Foundation\Http\{closure}() /home/ubuntu/workspace/original-service/vendor/laravel/framework/src/Illuminate/Pipeline/Pipeline.php:139
[07-Mar-2017 23:11:49 Asia/Tokyo] PHP  28. Illuminate\Routing\Router->dispatch() /home/ubuntu/workspace/original-service/vendor/laravel/framework/src/Illuminate/Foundation/Http/Kernel.php:236
[07-Mar-2017 23:11:49 Asia/Tokyo] PHP  29. Illuminate\Routing\Router->dispatchToRoute() /home/ubuntu/workspace/original-service/vendor/laravel/framework/src/Illuminate/Routing/Router.php:635
[07-Mar-2017 23:11:49 Asia/Tokyo] PHP  30. Illuminate\Routing\Router->runRouteWithinStack() /home/ubuntu/workspace/original-service/vendor/laravel/framework/src/Illuminate/Routing/Router.php:675
[07-Mar-2017 23:11:49 Asia/Tokyo] PHP  31. Illuminate\Pipeline\Pipeline->then() /home/ubuntu/workspace/original-service/vendor/laravel/framework/src/Illuminate/Routing/Router.php:710
[07-Mar-2017 23:11:49 Asia/Tokyo] PHP  32. call_user_func:{/home/ubuntu/workspace/original-service/vendor/laravel/framework/src/Illuminate/Pipeline/Pipeline.php:103}() /home/ubuntu/workspace/original-service/vendor/laravel/framework/src/Illuminate/Pipeline/Pipeline.php:103
[07-Mar-2017 23:11:49 Asia/Tokyo] PHP  33. Illuminate\Pipeline\Pipeline->Illuminate\Pipeline\{closure}() /home/ubuntu/workspace/original-service/vendor/laravel/framework/src/Illuminate/Pipeline/Pipeline.php:103
[07-Mar-2017 23:11:49 Asia/Tokyo] PHP  34. call_user_func:{/home/ubuntu/workspace/original-service/vendor/laravel/framework/src/Illuminate/Pipeline/Pipeline.php:139}() /home/ubuntu/workspace/original-service/vendor/laravel/framework/src/Illuminate/Pipeline/Pipeline.php:139
[07-Mar-2017 23:11:49 Asia/Tokyo] PHP  35. Illuminate\Routing\Router->Illuminate\Routing\{closure}() /home/ubuntu/workspace/original-service/vendor/laravel/framework/src/Illuminate/Pipeline/Pipeline.php:139
[07-Mar-2017 23:11:49 Asia/Tokyo] PHP  36. Illuminate\Routing\Router->prepareResponse() /home/ubuntu/workspace/original-service/vendor/laravel/framework/src/Illuminate/Routing/Router.php:709
[07-Mar-2017 23:11:49 Asia/Tokyo] PHP  37. Symfony\Component\HttpFoundation\Response->__construct() /home/ubuntu/workspace/original-service/vendor/laravel/framework/src/Illuminate/Routing/Router.php:1229
[07-Mar-2017 23:11:49 Asia/Tokyo] PHP  38. Illuminate\Http\Response->setContent() /home/ubuntu/workspace/original-service/vendor/symfony/http-foundation/Response.php:202
[07-Mar-2017 23:11:49 Asia/Tokyo] PHP  39. Illuminate\View\View->render() /home/ubuntu/workspace/original-service/vendor/laravel/framework/src/Illuminate/Http/Response.php:51
[07-Mar-2017 23:11:49 Asia/Tokyo] PHP  40. Illuminate\View\View->renderContents() /home/ubuntu/workspace/original-service/vendor/laravel/framework/src/Illuminate/View/View.php:83
[07-Mar-2017 23:11:49 Asia/Tokyo] PHP  41. Illuminate\View\View->getContents() /home/ubuntu/workspace/original-service/vendor/laravel/framework/src/Illuminate/View/View.php:118
[07-Mar-2017 23:11:49 Asia/Tokyo] PHP  42. Illuminate\View\Engines\CompilerEngine->get() /home/ubuntu/workspace/original-service/vendor/laravel/framework/src/Illuminate/View/View.php:147
[07-Mar-2017 23:11:49 Asia/Tokyo] PHP  43. Illuminate\View\Engines\PhpEngine->evaluatePath() /home/ubuntu/workspace/original-service/vendor/laravel/framework/src/Illuminate/View/Engines/CompilerEngine.php:58
[07-Mar-2017 23:11:49 Asia/Tokyo] PHP  44. include() /home/ubuntu/workspace/original-service/vendor/laravel/framework/src/Illuminate/View/Engines/PhpEngine.php:42
[07-Mar-2017 23:11:49 Asia/Tokyo] PHP  45. Illuminate\View\View->render() /home/ubuntu/workspace/original-service/storage/framework/views/4d687632ecde75e396874d39a8792b04:17
[07-Mar-2017 23:11:49 Asia/Tokyo] PHP  46. Illuminate\View\View->renderContents() /home/ubuntu/workspace/original-service/vendor/laravel/framework/src/Illuminate/View/View.php:83
[07-Mar-2017 23:11:49 Asia/Tokyo] PHP  47. Illuminate\View\View->getContents() /home/ubuntu/workspace/original-service/vendor/laravel/framework/src/Illuminate/View/View.php:118
[07-Mar-2017 23:11:49 Asia/Tokyo] PHP  48. Illuminate\View\Engines\CompilerEngine->get() /home/ubuntu/workspace/original-service/vendor/laravel/framework/src/Illuminate/View/View.php:147
[07-Mar-2017 23:11:49 Asia/Tokyo] PHP  49. Illuminate\View\Engines\PhpEngine->evaluatePath() /home/ubuntu/workspace/original-service/vendor/laravel/framework/src/Illuminate/View/Engines/CompilerEngine.php:58
[07-Mar-2017 23:11:49 Asia/Tokyo] PHP  50. include() /home/ubuntu/workspace/original-service/vendor/laravel/framework/src/Illuminate/View/Engines/PhpEngine.php:42
[07-Mar-2017 23:11:49 Asia/Tokyo] PHP  51. Illuminate\View\View->render() /home/ubuntu/workspace/original-service/storage/framework/views/555fa9c52ec4d11ebe04db7658f5d736:13
[07-Mar-2017 23:11:49 Asia/Tokyo] PHP  52. Illuminate\View\View->renderContents() /home/ubuntu/workspace/original-service/vendor/laravel/framework/src/Illuminate/View/View.php:83
[07-Mar-2017 23:11:49 Asia/Tokyo] PHP  53. Illuminate\View\View->getContents() /home/ubuntu/workspace/original-service/vendor/laravel/framework/src/Illuminate/View/View.php:118
[07-Mar-2017 23:11:49 Asia/Tokyo] PHP  54. Illuminate\View\Engines\CompilerEngine->get() /home/ubuntu/workspace/original-service/vendor/laravel/framework/src/Illuminate/View/View.php:147
[07-Mar-2017 23:11:49 Asia/Tokyo] PHP  55. Illuminate\View\Engines\PhpEngine->evaluatePath() /home/ubuntu/workspace/original-service/vendor/laravel/framework/src/Illuminate/View/Engines/CompilerEngine.php:58
[07-Mar-2017 23:11:52 Asia/Tokyo] PHP Parse error:  syntax error, unexpected '!', expecting ',' or ';' in /home/ubuntu/workspace/original-service/storage/framework/views/71ba49b3be157417f9d581dbc1fcd9ab on line 19
[07-Mar-2017 23:11:52 Asia/Tokyo] PHP Stack trace:
[07-Mar-2017 23:11:52 Asia/Tokyo] PHP   1. {main}() /home/ubuntu/workspace/original-service/server.php:0
[07-Mar-2017 23:11:52 Asia/Tokyo] PHP   2. require_once() /home/ubuntu/workspace/original-service/server.php:21
[07-Mar-2017 23:11:52 Asia/Tokyo] PHP   3. Illuminate\Foundation\Http\Kernel->handle() /home/ubuntu/workspace/original-service/public/index.php:54
[07-Mar-2017 23:11:52 Asia/Tokyo] PHP   4. Illuminate\Foundation\Http\Kernel->sendRequestThroughRouter() /home/ubuntu/workspace/original-service/vendor/laravel/framework/src/Illuminate/Foundation/Http/Kernel.php:87
[07-Mar-2017 23:11:52 Asia/Tokyo] PHP   5. Illuminate\Pipeline\Pipeline->then() /home/ubuntu/workspace/original-service/vendor/laravel/framework/src/Illuminate/Foundation/Http/Kernel.php:122
[07-Mar-2017 23:11:52 Asia/Tokyo] PHP   6. call_user_func:{/home/ubuntu/workspace/original-service/vendor/laravel/framework/src/Illuminate/Pipeline/Pipeline.php:103}() /home/ubuntu/workspace/original-service/vendor/laravel/framework/src/Illuminate/Pipeline/Pipeline.php:103
[07-Mar-2017 23:11:52 Asia/Tokyo] PHP   7. Illuminate\Pipeline\Pipeline->Illuminate\Pipeline\{closure}() /home/ubuntu/workspace/original-service/vendor/laravel/framework/src/Illuminate/Pipeline/Pipeline.php:103
[07-Mar-2017 23:11:52 Asia/Tokyo] PHP   8. call_user_func_array:{/home/ubuntu/workspace/original-service/vendor/laravel/framework/src/Illuminate/Pipeline/Pipeline.php:124}() /home/ubuntu/workspace/original-service/vendor/laravel/framework/src/Illuminate/Pipeline/Pipeline.php:124
[07-Mar-2017 23:11:52 Asia/Tokyo] PHP   9. Illuminate\Foundation\Http\Middleware\CheckForMaintenanceMode->handle() /home/ubuntu/workspace/original-service/vendor/laravel/framework/src/Illuminate/Pipeline/Pipeline.php:124
[07-Mar-2017 23:11:52 Asia/Tokyo] PHP  10. Illuminate\Pipeline\Pipeline->Illuminate\Pipeline\{closure}() /home/ubuntu/workspace/original-service/vendor/laravel/framework/src/Illuminate/Foundation/Http/Middleware/CheckForMaintenanceMode.php:44
[07-Mar-2017 23:11:52 Asia/Tokyo] PHP  11. call_user_func_array:{/home/ubuntu/workspace/original-service/vendor/laravel/framework/src/Illuminate/Pipeline/Pipeline.php:124}() /home/ubuntu/workspace/original-service/vendor/laravel/framework/src/Illuminate/Pipeline/Pipeline.php:124
[07-Mar-2017 23:11:52 Asia/Tokyo] PHP  12. Illuminate\Cookie\Middleware\EncryptCookies->handle() /home/ubuntu/workspace/original-service/vendor/laravel/framework/src/Illuminate/Pipeline/Pipeline.php:124
[07-Mar-2017 23:11:52 Asia/Tokyo] PHP  13. Illuminate\Pipeline\Pipeline->Illuminate\Pipeline\{closure}() /home/ubuntu/workspace/original-service/vendor/laravel/framework/src/Illuminate/Cookie/Middleware/EncryptCookies.php:59
[07-Mar-2017 23:11:52 Asia/Tokyo] PHP  14. call_user_func_array:{/home/ubuntu/workspace/original-service/vendor/laravel/framework/src/Illuminate/Pipeline/Pipeline.php:124}() /home/ubuntu/workspace/original-service/vendor/laravel/framework/src/Illuminate/Pipeline/Pipeline.php:124
[07-Mar-2017 23:11:52 Asia/Tokyo] PHP  15. Illuminate\Cookie\Middleware\AddQueuedCookiesToResponse->handle() /home/ubuntu/workspace/original-service/vendor/laravel/framework/src/Illuminate/Pipeline/Pipeline.php:124
[07-Mar-2017 23:11:52 Asia/Tokyo] PHP  16. Illuminate\Pipeline\Pipeline->Illuminate\Pipeline\{closure}() /home/ubuntu/workspace/original-service/vendor/laravel/framework/src/Illuminate/Cookie/Middleware/AddQueuedCookiesToResponse.php:37
[07-Mar-2017 23:11:52 Asia/Tokyo] PHP  17. call_user_func_array:{/home/ubuntu/workspace/original-service/vendor/laravel/framework/src/Illuminate/Pipeline/Pipeline.php:124}() /home/ubuntu/workspace/original-service/vendor/laravel/framework/src/Illuminate/Pipeline/Pipeline.php:124
[07-Mar-2017 23:11:52 Asia/Tokyo] PHP  18. Illuminate\Session\Middleware\StartSession->handle() /home/ubuntu/workspace/original-service/vendor/laravel/framework/src/Illuminate/Pipeline/Pipeline.php:124
[07-Mar-2017 23:11:52 Asia/Tokyo] PHP  19. Illuminate\Pipeline\Pipeline->Illuminate\Pipeline\{closure}() /home/ubuntu/workspace/original-service/vendor/laravel/framework/src/Illuminate/Session/Middleware/StartSession.php:62
[07-Mar-2017 23:11:52 Asia/Tokyo] PHP  20. call_user_func_array:{/home/ubuntu/workspace/original-service/vendor/laravel/framework/src/Illuminate/Pipeline/Pipeline.php:124}() /home/ubuntu/workspace/original-service/vendor/laravel/framework/src/Illuminate/Pipeline/Pipeline.php:124
[07-Mar-2017 23:11:52 Asia/Tokyo] PHP  21. Illuminate\View\Middleware\ShareErrorsFromSession->handle() /home/ubuntu/workspace/original-service/vendor/laravel/framework/src/Illuminate/Pipeline/Pipeline.php:124
[07-Mar-2017 23:11:52 Asia/Tokyo] PHP  22. Illuminate\Pipeline\Pipeline->Illuminate\Pipeline\{closure}() /home/ubuntu/workspace/original-service/vendor/laravel/framework/src/Illuminate/View/Middleware/ShareErrorsFromSession.php:49
[07-Mar-2017 23:11:52 Asia/Tokyo] PHP  23. call_user_func_array:{/home/ubuntu/workspace/original-service/vendor/laravel/framework/src/Illuminate/Pipeline/Pipeline.php:124}() /home/ubuntu/workspace/original-service/vendor/laravel/framework/src/Illuminate/Pipeline/Pipeline.php:124
[07-Mar-2017 23:11:52 Asia/Tokyo] PHP  24. Illuminate\Foundation\Http\Middleware\VerifyCsrfToken->handle() /home/ubuntu/workspace/original-service/vendor/laravel/framework/src/Illuminate/Pipeline/Pipeline.php:124
[07-Mar-2017 23:11:52 Asia/Tokyo] PHP  25. Illuminate\Pipeline\Pipeline->Illuminate\Pipeline\{closure}() /home/ubuntu/workspace/original-service/vendor/laravel/framework/src/Illuminate/Foundation/Http/Middleware/VerifyCsrfToken.php:50
[07-Mar-2017 23:11:52 Asia/Tokyo] PHP  26. call_user_func:{/home/ubuntu/workspace/original-service/vendor/laravel/framework/src/Illuminate/Pipeline/Pipeline.php:139}() /home/ubuntu/workspace/original-service/vendor/laravel/framework/src/Illuminate/Pipeline/Pipeline.php:139
[07-Mar-2017 23:11:52 Asia/Tokyo] PHP  27. Illuminate\Foundation\Http\Kernel->Illuminate\Foundation\Http\{closure}() /home/ubuntu/workspace/original-service/vendor/laravel/framework/src/Illuminate/Pipeline/Pipeline.php:139
[07-Mar-2017 23:11:52 Asia/Tokyo] PHP  28. Illuminate\Routing\Router->dispatch() /home/ubuntu/workspace/original-service/vendor/laravel/framework/src/Illuminate/Foundation/Http/Kernel.php:236
[07-Mar-2017 23:11:52 Asia/Tokyo] PHP  29. Illuminate\Routing\Router->dispatchToRoute() /home/ubuntu/workspace/original-service/vendor/laravel/framework/src/Illuminate/Routing/Router.php:635
[07-Mar-2017 23:11:52 Asia/Tokyo] PHP  30. Illuminate\Routing\Router->runRouteWithinStack() /home/ubuntu/workspace/original-service/vendor/laravel/framework/src/Illuminate/Routing/Router.php:675
[07-Mar-2017 23:11:52 Asia/Tokyo] PHP  31. Illuminate\Pipeline\Pipeline->then() /home/ubuntu/workspace/original-service/vendor/laravel/framework/src/Illuminate/Routing/Router.php:710
[07-Mar-2017 23:11:52 Asia/Tokyo] PHP  32. call_user_func:{/home/ubuntu/workspace/original-service/vendor/laravel/framework/src/Illuminate/Pipeline/Pipeline.php:103}() /home/ubuntu/workspace/original-service/vendor/laravel/framework/src/Illuminate/Pipeline/Pipeline.php:103
[07-Mar-2017 23:11:52 Asia/Tokyo] PHP  33. Illuminate\Pipeline\Pipeline->Illuminate\Pipeline\{closure}() /home/ubuntu/workspace/original-service/vendor/laravel/framework/src/Illuminate/Pipeline/Pipeline.php:103
[07-Mar-2017 23:11:52 Asia/Tokyo] PHP  34. call_user_func:{/home/ubuntu/workspace/original-service/vendor/laravel/framework/src/Illuminate/Pipeline/Pipeline.php:139}() /home/ubuntu/workspace/original-service/vendor/laravel/framework/src/Illuminate/Pipeline/Pipeline.php:139
[07-Mar-2017 23:11:52 Asia/Tokyo] PHP  35. Illuminate\Routing\Router->Illuminate\Routing\{closure}() /home/ubuntu/workspace/original-service/vendor/laravel/framework/src/Illuminate/Pipeline/Pipeline.php:139
[07-Mar-2017 23:11:52 Asia/Tokyo] PHP  36. Illuminate\Routing\Router->prepareResponse() /home/ubuntu/workspace/original-service/vendor/laravel/framework/src/Illuminate/Routing/Router.php:709
[07-Mar-2017 23:11:52 Asia/Tokyo] PHP  37. Symfony\Component\HttpFoundation\Response->__construct() /home/ubuntu/workspace/original-service/vendor/laravel/framework/src/Illuminate/Routing/Router.php:1229
[07-Mar-2017 23:11:52 Asia/Tokyo] PHP  38. Illuminate\Http\Response->setContent() /home/ubuntu/workspace/original-service/vendor/symfony/http-foundation/Response.php:202
[07-Mar-2017 23:11:52 Asia/Tokyo] PHP  39. Illuminate\View\View->render() /home/ubuntu/workspace/original-service/vendor/laravel/framework/src/Illuminate/Http/Response.php:51
[07-Mar-2017 23:11:52 Asia/Tokyo] PHP  40. Illuminate\View\View->renderContents() /home/ubuntu/workspace/original-service/vendor/laravel/framework/src/Illuminate/View/View.php:83
[07-Mar-2017 23:11:52 Asia/Tokyo] PHP  41. Illuminate\View\View->getContents() /home/ubuntu/workspace/original-service/vendor/laravel/framework/src/Illuminate/View/View.php:118
[07-Mar-2017 23:11:52 Asia/Tokyo] PHP  42. Illuminate\View\Engines\CompilerEngine->get() /home/ubuntu/workspace/original-service/vendor/laravel/framework/src/Illuminate/View/View.php:147
[07-Mar-2017 23:11:52 Asia/Tokyo] PHP  43. Illuminate\View\Engines\PhpEngine->evaluatePath() /home/ubuntu/workspace/original-service/vendor/laravel/framework/src/Illuminate/View/Engines/CompilerEngine.php:58
[07-Mar-2017 23:11:52 Asia/Tokyo] PHP  44. include() /home/ubuntu/workspace/original-service/vendor/laravel/framework/src/Illuminate/View/Engines/PhpEngine.php:42
[07-Mar-2017 23:11:52 Asia/Tokyo] PHP  45. Illuminate\View\View->render() /home/ubuntu/workspace/original-service/storage/framework/views/4d687632ecde75e396874d39a8792b04:17
[07-Mar-2017 23:11:52 Asia/Tokyo] PHP  46. Illuminate\View\View->renderContents() /home/ubuntu/workspace/original-service/vendor/laravel/framework/src/Illuminate/View/View.php:83
[07-Mar-2017 23:11:52 Asia/Tokyo] PHP  47. Illuminate\View\View->getContents() /home/ubuntu/workspace/original-service/vendor/laravel/framework/src/Illuminate/View/View.php:118
[07-Mar-2017 23:11:52 Asia/Tokyo] PHP  48. Illuminate\View\Engines\CompilerEngine->get() /home/ubuntu/workspace/original-service/vendor/laravel/framework/src/Illuminate/View/View.php:147
[07-Mar-2017 23:11:52 Asia/Tokyo] PHP  49. Illuminate\View\Engines\PhpEngine->evaluatePath() /home/ubuntu/workspace/original-service/vendor/laravel/framework/src/Illuminate/View/Engines/CompilerEngine.php:58
[07-Mar-2017 23:11:52 Asia/Tokyo] PHP  50. include() /home/ubuntu/workspace/original-service/vendor/laravel/framework/src/Illuminate/View/Engines/PhpEngine.php:42
[07-Mar-2017 23:11:52 Asia/Tokyo] PHP  51. Illuminate\View\View->render() /home/ubuntu/workspace/original-service/storage/framework/views/555fa9c52ec4d11ebe04db7658f5d736:13
[07-Mar-2017 23:11:52 Asia/Tokyo] PHP  52. Illuminate\View\View->renderContents() /home/ubuntu/workspace/original-service/vendor/laravel/framework/src/Illuminate/View/View.php:83
[07-Mar-2017 23:11:52 Asia/Tokyo] PHP  53. Illuminate\View\View->getContents() /home/ubuntu/workspace/original-service/vendor/laravel/framework/src/Illuminate/View/View.php:118
[07-Mar-2017 23:11:52 Asia/Tokyo] PHP  54. Illuminate\View\Engines\CompilerEngine->get() /home/ubuntu/workspace/original-service/vendor/laravel/framework/src/Illuminate/View/View.php:147
[07-Mar-2017 23:11:52 Asia/Tokyo] PHP  55. Illuminate\View\Engines\PhpEngine->evaluatePath() /home/ubuntu/workspace/original-service/vendor/laravel/framework/src/Illuminate/View/Engines/CompilerEngine.php:58
[07-Mar-2017 23:13:11 Asia/Tokyo] PHP Parse error:  syntax error, unexpected '!', expecting ',' or ';' in /home/ubuntu/workspace/original-service/storage/framework/views/71ba49b3be157417f9d581dbc1fcd9ab on line 19
[07-Mar-2017 23:13:11 Asia/Tokyo] PHP Stack trace:
[07-Mar-2017 23:13:11 Asia/Tokyo] PHP   1. {main}() /home/ubuntu/workspace/original-service/server.php:0
[07-Mar-2017 23:13:11 Asia/Tokyo] PHP   2. require_once() /home/ubuntu/workspace/original-service/server.php:21
[07-Mar-2017 23:13:11 Asia/Tokyo] PHP   3. Illuminate\Foundation\Http\Kernel->handle() /home/ubuntu/workspace/original-service/public/index.php:54
[07-Mar-2017 23:13:11 Asia/Tokyo] PHP   4. Illuminate\Foundation\Http\Kernel->sendRequestThroughRouter() /home/ubuntu/workspace/original-service/vendor/laravel/framework/src/Illuminate/Foundation/Http/Kernel.php:87
[07-Mar-2017 23:13:11 Asia/Tokyo] PHP   5. Illuminate\Pipeline\Pipeline->then() /home/ubuntu/workspace/original-service/vendor/laravel/framework/src/Illuminate/Foundation/Http/Kernel.php:122
[07-Mar-2017 23:13:11 Asia/Tokyo] PHP   6. call_user_func:{/home/ubuntu/workspace/original-service/vendor/laravel/framework/src/Illuminate/Pipeline/Pipeline.php:103}() /home/ubuntu/workspace/original-service/vendor/laravel/framework/src/Illuminate/Pipeline/Pipeline.php:103
[07-Mar-2017 23:13:11 Asia/Tokyo] PHP   7. Illuminate\Pipeline\Pipeline->Illuminate\Pipeline\{closure}() /home/ubuntu/workspace/original-service/vendor/laravel/framework/src/Illuminate/Pipeline/Pipeline.php:103
[07-Mar-2017 23:13:11 Asia/Tokyo] PHP   8. call_user_func_array:{/home/ubuntu/workspace/original-service/vendor/laravel/framework/src/Illuminate/Pipeline/Pipeline.php:124}() /home/ubuntu/workspace/original-service/vendor/laravel/framework/src/Illuminate/Pipeline/Pipeline.php:124
[07-Mar-2017 23:13:11 Asia/Tokyo] PHP   9. Illuminate\Foundation\Http\Middleware\CheckForMaintenanceMode->handle() /home/ubuntu/workspace/original-service/vendor/laravel/framework/src/Illuminate/Pipeline/Pipeline.php:124
[07-Mar-2017 23:13:11 Asia/Tokyo] PHP  10. Illuminate\Pipeline\Pipeline->Illuminate\Pipeline\{closure}() /home/ubuntu/workspace/original-service/vendor/laravel/framework/src/Illuminate/Foundation/Http/Middleware/CheckForMaintenanceMode.php:44
[07-Mar-2017 23:13:11 Asia/Tokyo] PHP  11. call_user_func_array:{/home/ubuntu/workspace/original-service/vendor/laravel/framework/src/Illuminate/Pipeline/Pipeline.php:124}() /home/ubuntu/workspace/original-service/vendor/laravel/framework/src/Illuminate/Pipeline/Pipeline.php:124
[07-Mar-2017 23:13:11 Asia/Tokyo] PHP  12. Illuminate\Cookie\Middleware\EncryptCookies->handle() /home/ubuntu/workspace/original-service/vendor/laravel/framework/src/Illuminate/Pipeline/Pipeline.php:124
[07-Mar-2017 23:13:11 Asia/Tokyo] PHP  13. Illuminate\Pipeline\Pipeline->Illuminate\Pipeline\{closure}() /home/ubuntu/workspace/original-service/vendor/laravel/framework/src/Illuminate/Cookie/Middleware/EncryptCookies.php:59
[07-Mar-2017 23:13:11 Asia/Tokyo] PHP  14. call_user_func_array:{/home/ubuntu/workspace/original-service/vendor/laravel/framework/src/Illuminate/Pipeline/Pipeline.php:124}() /home/ubuntu/workspace/original-service/vendor/laravel/framework/src/Illuminate/Pipeline/Pipeline.php:124
[07-Mar-2017 23:13:11 Asia/Tokyo] PHP  15. Illuminate\Cookie\Middleware\AddQueuedCookiesToResponse->handle() /home/ubuntu/workspace/original-service/vendor/laravel/framework/src/Illuminate/Pipeline/Pipeline.php:124
[07-Mar-2017 23:13:11 Asia/Tokyo] PHP  16. Illuminate\Pipeline\Pipeline->Illuminate\Pipeline\{closure}() /home/ubuntu/workspace/original-service/vendor/laravel/framework/src/Illuminate/Cookie/Middleware/AddQueuedCookiesToResponse.php:37
[07-Mar-2017 23:13:11 Asia/Tokyo] PHP  17. call_user_func_array:{/home/ubuntu/workspace/original-service/vendor/laravel/framework/src/Illuminate/Pipeline/Pipeline.php:124}() /home/ubuntu/workspace/original-service/vendor/laravel/framework/src/Illuminate/Pipeline/Pipeline.php:124
[07-Mar-2017 23:13:11 Asia/Tokyo] PHP  18. Illuminate\Session\Middleware\StartSession->handle() /home/ubuntu/workspace/original-service/vendor/laravel/framework/src/Illuminate/Pipeline/Pipeline.php:124
[07-Mar-2017 23:13:11 Asia/Tokyo] PHP  19. Illuminate\Pipeline\Pipeline->Illuminate\Pipeline\{closure}() /home/ubuntu/workspace/original-service/vendor/laravel/framework/src/Illuminate/Session/Middleware/StartSession.php:62
[07-Mar-2017 23:13:11 Asia/Tokyo] PHP  20. call_user_func_array:{/home/ubuntu/workspace/original-service/vendor/laravel/framework/src/Illuminate/Pipeline/Pipeline.php:124}() /home/ubuntu/workspace/original-service/vendor/laravel/framework/src/Illuminate/Pipeline/Pipeline.php:124
[07-Mar-2017 23:13:11 Asia/Tokyo] PHP  21. Illuminate\View\Middleware\ShareErrorsFromSession->handle() /home/ubuntu/workspace/original-service/vendor/laravel/framework/src/Illuminate/Pipeline/Pipeline.php:124
[07-Mar-2017 23:13:11 Asia/Tokyo] PHP  22. Illuminate\Pipeline\Pipeline->Illuminate\Pipeline\{closure}() /home/ubuntu/workspace/original-service/vendor/laravel/framework/src/Illuminate/View/Middleware/ShareErrorsFromSession.php:49
[07-Mar-2017 23:13:11 Asia/Tokyo] PHP  23. call_user_func_array:{/home/ubuntu/workspace/original-service/vendor/laravel/framework/src/Illuminate/Pipeline/Pipeline.php:124}() /home/ubuntu/workspace/original-service/vendor/laravel/framework/src/Illuminate/Pipeline/Pipeline.php:124
[07-Mar-2017 23:13:11 Asia/Tokyo] PHP  24. Illuminate\Foundation\Http\Middleware\VerifyCsrfToken->handle() /home/ubuntu/workspace/original-service/vendor/laravel/framework/src/Illuminate/Pipeline/Pipeline.php:124
[07-Mar-2017 23:13:11 Asia/Tokyo] PHP  25. Illuminate\Pipeline\Pipeline->Illuminate\Pipeline\{closure}() /home/ubuntu/workspace/original-service/vendor/laravel/framework/src/Illuminate/Foundation/Http/Middleware/VerifyCsrfToken.php:50
[07-Mar-2017 23:13:11 Asia/Tokyo] PHP  26. call_user_func:{/home/ubuntu/workspace/original-service/vendor/laravel/framework/src/Illuminate/Pipeline/Pipeline.php:139}() /home/ubuntu/workspace/original-service/vendor/laravel/framework/src/Illuminate/Pipeline/Pipeline.php:139
[07-Mar-2017 23:13:11 Asia/Tokyo] PHP  27. Illuminate\Foundation\Http\Kernel->Illuminate\Foundation\Http\{closure}() /home/ubuntu/workspace/original-service/vendor/laravel/framework/src/Illuminate/Pipeline/Pipeline.php:139
[07-Mar-2017 23:13:11 Asia/Tokyo] PHP  28. Illuminate\Routing\Router->dispatch() /home/ubuntu/workspace/original-service/vendor/laravel/framework/src/Illuminate/Foundation/Http/Kernel.php:236
[07-Mar-2017 23:13:11 Asia/Tokyo] PHP  29. Illuminate\Routing\Router->dispatchToRoute() /home/ubuntu/workspace/original-service/vendor/laravel/framework/src/Illuminate/Routing/Router.php:635
[07-Mar-2017 23:13:11 Asia/Tokyo] PHP  30. Illuminate\Routing\Router->runRouteWithinStack() /home/ubuntu/workspace/original-service/vendor/laravel/framework/src/Illuminate/Routing/Router.php:675
[07-Mar-2017 23:13:11 Asia/Tokyo] PHP  31. Illuminate\Pipeline\Pipeline->then() /home/ubuntu/workspace/original-service/vendor/laravel/framework/src/Illuminate/Routing/Router.php:710
[07-Mar-2017 23:13:11 Asia/Tokyo] PHP  32. call_user_func:{/home/ubuntu/workspace/original-service/vendor/laravel/framework/src/Illuminate/Pipeline/Pipeline.php:103}() /home/ubuntu/workspace/original-service/vendor/laravel/framework/src/Illuminate/Pipeline/Pipeline.php:103
[07-Mar-2017 23:13:11 Asia/Tokyo] PHP  33. Illuminate\Pipeline\Pipeline->Illuminate\Pipeline\{closure}() /home/ubuntu/workspace/original-service/vendor/laravel/framework/src/Illuminate/Pipeline/Pipeline.php:103
[07-Mar-2017 23:13:11 Asia/Tokyo] PHP  34. call_user_func:{/home/ubuntu/workspace/original-service/vendor/laravel/framework/src/Illuminate/Pipeline/Pipeline.php:139}() /home/ubuntu/workspace/original-service/vendor/laravel/framework/src/Illuminate/Pipeline/Pipeline.php:139
[07-Mar-2017 23:13:11 Asia/Tokyo] PHP  35. Illuminate\Routing\Router->Illuminate\Routing\{closure}() /home/ubuntu/workspace/original-service/vendor/laravel/framework/src/Illuminate/Pipeline/Pipeline.php:139
[07-Mar-2017 23:13:11 Asia/Tokyo] PHP  36. Illuminate\Routing\Router->prepareResponse() /home/ubuntu/workspace/original-service/vendor/laravel/framework/src/Illuminate/Routing/Router.php:709
[07-Mar-2017 23:13:11 Asia/Tokyo] PHP  37. Symfony\Component\HttpFoundation\Response->__construct() /home/ubuntu/workspace/original-service/vendor/laravel/framework/src/Illuminate/Routing/Router.php:1229
[07-Mar-2017 23:13:11 Asia/Tokyo] PHP  38. Illuminate\Http\Response->setContent() /home/ubuntu/workspace/original-service/vendor/symfony/http-foundation/Response.php:202
[07-Mar-2017 23:13:11 Asia/Tokyo] PHP  39. Illuminate\View\View->render() /home/ubuntu/workspace/original-service/vendor/laravel/framework/src/Illuminate/Http/Response.php:51
[07-Mar-2017 23:13:11 Asia/Tokyo] PHP  40. Illuminate\View\View->renderContents() /home/ubuntu/workspace/original-service/vendor/laravel/framework/src/Illuminate/View/View.php:83
[07-Mar-2017 23:13:11 Asia/Tokyo] PHP  41. Illuminate\View\View->getContents() /home/ubuntu/workspace/original-service/vendor/laravel/framework/src/Illuminate/View/View.php:118
[07-Mar-2017 23:13:11 Asia/Tokyo] PHP  42. Illuminate\View\Engines\CompilerEngine->get() /home/ubuntu/workspace/original-service/vendor/laravel/framework/src/Illuminate/View/View.php:147
[07-Mar-2017 23:13:11 Asia/Tokyo] PHP  43. Illuminate\View\Engines\PhpEngine->evaluatePath() /home/ubuntu/workspace/original-service/vendor/laravel/framework/src/Illuminate/View/Engines/CompilerEngine.php:58
[07-Mar-2017 23:13:11 Asia/Tokyo] PHP  44. include() /home/ubuntu/workspace/original-service/vendor/laravel/framework/src/Illuminate/View/Engines/PhpEngine.php:42
[07-Mar-2017 23:13:11 Asia/Tokyo] PHP  45. Illuminate\View\View->render() /home/ubuntu/workspace/original-service/storage/framework/views/4d687632ecde75e396874d39a8792b04:17
[07-Mar-2017 23:13:11 Asia/Tokyo] PHP  46. Illuminate\View\View->renderContents() /home/ubuntu/workspace/original-service/vendor/laravel/framework/src/Illuminate/View/View.php:83
[07-Mar-2017 23:13:11 Asia/Tokyo] PHP  47. Illuminate\View\View->getContents() /home/ubuntu/workspace/original-service/vendor/laravel/framework/src/Illuminate/View/View.php:118
[07-Mar-2017 23:13:11 Asia/Tokyo] PHP  48. Illuminate\View\Engines\CompilerEngine->get() /home/ubuntu/workspace/original-service/vendor/laravel/framework/src/Illuminate/View/View.php:147
[07-Mar-2017 23:13:11 Asia/Tokyo] PHP  49. Illuminate\View\Engines\PhpEngine->evaluatePath() /home/ubuntu/workspace/original-service/vendor/laravel/framework/src/Illuminate/View/Engines/CompilerEngine.php:58
[07-Mar-2017 23:13:11 Asia/Tokyo] PHP  50. include() /home/ubuntu/workspace/original-service/vendor/laravel/framework/src/Illuminate/View/Engines/PhpEngine.php:42
[07-Mar-2017 23:13:11 Asia/Tokyo] PHP  51. Illuminate\View\View->render() /home/ubuntu/workspace/original-service/storage/framework/views/555fa9c52ec4d11ebe04db7658f5d736:13
[07-Mar-2017 23:13:11 Asia/Tokyo] PHP  52. Illuminate\View\View->renderContents() /home/ubuntu/workspace/original-service/vendor/laravel/framework/src/Illuminate/View/View.php:83
[07-Mar-2017 23:13:11 Asia/Tokyo] PHP  53. Illuminate\View\View->getContents() /home/ubuntu/workspace/original-service/vendor/laravel/framework/src/Illuminate/View/View.php:118
[07-Mar-2017 23:13:11 Asia/Tokyo] PHP  54. Illuminate\View\Engines\CompilerEngine->get() /home/ubuntu/workspace/original-service/vendor/laravel/framework/src/Illuminate/View/View.php:147
[07-Mar-2017 23:13:11 Asia/Tokyo] PHP  55. Illuminate\View\Engines\PhpEngine->evaluatePath() /home/ubuntu/workspace/original-service/vendor/laravel/framework/src/Illuminate/View/Engines/CompilerEngine.php:58
[07-Mar-2017 23:13:13 Asia/Tokyo] PHP Parse error:  syntax error, unexpected '!', expecting ',' or ';' in /home/ubuntu/workspace/original-service/storage/framework/views/71ba49b3be157417f9d581dbc1fcd9ab on line 19
[07-Mar-2017 23:13:13 Asia/Tokyo] PHP Stack trace:
[07-Mar-2017 23:13:13 Asia/Tokyo] PHP   1. {main}() /home/ubuntu/workspace/original-service/server.php:0
[07-Mar-2017 23:13:13 Asia/Tokyo] PHP   2. require_once() /home/ubuntu/workspace/original-service/server.php:21
[07-Mar-2017 23:13:13 Asia/Tokyo] PHP   3. Illuminate\Foundation\Http\Kernel->handle() /home/ubuntu/workspace/original-service/public/index.php:54
[07-Mar-2017 23:13:13 Asia/Tokyo] PHP   4. Illuminate\Foundation\Http\Kernel->sendRequestThroughRouter() /home/ubuntu/workspace/original-service/vendor/laravel/framework/src/Illuminate/Foundation/Http/Kernel.php:87
[07-Mar-2017 23:13:13 Asia/Tokyo] PHP   5. Illuminate\Pipeline\Pipeline->then() /home/ubuntu/workspace/original-service/vendor/laravel/framework/src/Illuminate/Foundation/Http/Kernel.php:122
[07-Mar-2017 23:13:13 Asia/Tokyo] PHP   6. call_user_func:{/home/ubuntu/workspace/original-service/vendor/laravel/framework/src/Illuminate/Pipeline/Pipeline.php:103}() /home/ubuntu/workspace/original-service/vendor/laravel/framework/src/Illuminate/Pipeline/Pipeline.php:103
[07-Mar-2017 23:13:13 Asia/Tokyo] PHP   7. Illuminate\Pipeline\Pipeline->Illuminate\Pipeline\{closure}() /home/ubuntu/workspace/original-service/vendor/laravel/framework/src/Illuminate/Pipeline/Pipeline.php:103
[07-Mar-2017 23:13:13 Asia/Tokyo] PHP   8. call_user_func_array:{/home/ubuntu/workspace/original-service/vendor/laravel/framework/src/Illuminate/Pipeline/Pipeline.php:124}() /home/ubuntu/workspace/original-service/vendor/laravel/framework/src/Illuminate/Pipeline/Pipeline.php:124
[07-Mar-2017 23:13:13 Asia/Tokyo] PHP   9. Illuminate\Foundation\Http\Middleware\CheckForMaintenanceMode->handle() /home/ubuntu/workspace/original-service/vendor/laravel/framework/src/Illuminate/Pipeline/Pipeline.php:124
[07-Mar-2017 23:13:13 Asia/Tokyo] PHP  10. Illuminate\Pipeline\Pipeline->Illuminate\Pipeline\{closure}() /home/ubuntu/workspace/original-service/vendor/laravel/framework/src/Illuminate/Foundation/Http/Middleware/CheckForMaintenanceMode.php:44
[07-Mar-2017 23:13:13 Asia/Tokyo] PHP  11. call_user_func_array:{/home/ubuntu/workspace/original-service/vendor/laravel/framework/src/Illuminate/Pipeline/Pipeline.php:124}() /home/ubuntu/workspace/original-service/vendor/laravel/framework/src/Illuminate/Pipeline/Pipeline.php:124
[07-Mar-2017 23:13:13 Asia/Tokyo] PHP  12. Illuminate\Cookie\Middleware\EncryptCookies->handle() /home/ubuntu/workspace/original-service/vendor/laravel/framework/src/Illuminate/Pipeline/Pipeline.php:124
[07-Mar-2017 23:13:13 Asia/Tokyo] PHP  13. Illuminate\Pipeline\Pipeline->Illuminate\Pipeline\{closure}() /home/ubuntu/workspace/original-service/vendor/laravel/framework/src/Illuminate/Cookie/Middleware/EncryptCookies.php:59
[07-Mar-2017 23:13:13 Asia/Tokyo] PHP  14. call_user_func_array:{/home/ubuntu/workspace/original-service/vendor/laravel/framework/src/Illuminate/Pipeline/Pipeline.php:124}() /home/ubuntu/workspace/original-service/vendor/laravel/framework/src/Illuminate/Pipeline/Pipeline.php:124
[07-Mar-2017 23:13:13 Asia/Tokyo] PHP  15. Illuminate\Cookie\Middleware\AddQueuedCookiesToResponse->handle() /home/ubuntu/workspace/original-service/vendor/laravel/framework/src/Illuminate/Pipeline/Pipeline.php:124
[07-Mar-2017 23:13:13 Asia/Tokyo] PHP  16. Illuminate\Pipeline\Pipeline->Illuminate\Pipeline\{closure}() /home/ubuntu/workspace/original-service/vendor/laravel/framework/src/Illuminate/Cookie/Middleware/AddQueuedCookiesToResponse.php:37
[07-Mar-2017 23:13:13 Asia/Tokyo] PHP  17. call_user_func_array:{/home/ubuntu/workspace/original-service/vendor/laravel/framework/src/Illuminate/Pipeline/Pipeline.php:124}() /home/ubuntu/workspace/original-service/vendor/laravel/framework/src/Illuminate/Pipeline/Pipeline.php:124
[07-Mar-2017 23:13:13 Asia/Tokyo] PHP  18. Illuminate\Session\Middleware\StartSession->handle() /home/ubuntu/workspace/original-service/vendor/laravel/framework/src/Illuminate/Pipeline/Pipeline.php:124
[07-Mar-2017 23:13:13 Asia/Tokyo] PHP  19. Illuminate\Pipeline\Pipeline->Illuminate\Pipeline\{closure}() /home/ubuntu/workspace/original-service/vendor/laravel/framework/src/Illuminate/Session/Middleware/StartSession.php:62
[07-Mar-2017 23:13:13 Asia/Tokyo] PHP  20. call_user_func_array:{/home/ubuntu/workspace/original-service/vendor/laravel/framework/src/Illuminate/Pipeline/Pipeline.php:124}() /home/ubuntu/workspace/original-service/vendor/laravel/framework/src/Illuminate/Pipeline/Pipeline.php:124
[07-Mar-2017 23:13:13 Asia/Tokyo] PHP  21. Illuminate\View\Middleware\ShareErrorsFromSession->handle() /home/ubuntu/workspace/original-service/vendor/laravel/framework/src/Illuminate/Pipeline/Pipeline.php:124
[07-Mar-2017 23:13:13 Asia/Tokyo] PHP  22. Illuminate\Pipeline\Pipeline->Illuminate\Pipeline\{closure}() /home/ubuntu/workspace/original-service/vendor/laravel/framework/src/Illuminate/View/Middleware/ShareErrorsFromSession.php:49
[07-Mar-2017 23:13:13 Asia/Tokyo] PHP  23. call_user_func_array:{/home/ubuntu/workspace/original-service/vendor/laravel/framework/src/Illuminate/Pipeline/Pipeline.php:124}() /home/ubuntu/workspace/original-service/vendor/laravel/framework/src/Illuminate/Pipeline/Pipeline.php:124
[07-Mar-2017 23:13:13 Asia/Tokyo] PHP  24. Illuminate\Foundation\Http\Middleware\VerifyCsrfToken->handle() /home/ubuntu/workspace/original-service/vendor/laravel/framework/src/Illuminate/Pipeline/Pipeline.php:124
[07-Mar-2017 23:13:13 Asia/Tokyo] PHP  25. Illuminate\Pipeline\Pipeline->Illuminate\Pipeline\{closure}() /home/ubuntu/workspace/original-service/vendor/laravel/framework/src/Illuminate/Foundation/Http/Middleware/VerifyCsrfToken.php:50
[07-Mar-2017 23:13:13 Asia/Tokyo] PHP  26. call_user_func:{/home/ubuntu/workspace/original-service/vendor/laravel/framework/src/Illuminate/Pipeline/Pipeline.php:139}() /home/ubuntu/workspace/original-service/vendor/laravel/framework/src/Illuminate/Pipeline/Pipeline.php:139
[07-Mar-2017 23:13:13 Asia/Tokyo] PHP  27. Illuminate\Foundation\Http\Kernel->Illuminate\Foundation\Http\{closure}() /home/ubuntu/workspace/original-service/vendor/laravel/framework/src/Illuminate/Pipeline/Pipeline.php:139
[07-Mar-2017 23:13:13 Asia/Tokyo] PHP  28. Illuminate\Routing\Router->dispatch() /home/ubuntu/workspace/original-service/vendor/laravel/framework/src/Illuminate/Foundation/Http/Kernel.php:236
[07-Mar-2017 23:13:13 Asia/Tokyo] PHP  29. Illuminate\Routing\Router->dispatchToRoute() /home/ubuntu/workspace/original-service/vendor/laravel/framework/src/Illuminate/Routing/Router.php:635
[07-Mar-2017 23:13:13 Asia/Tokyo] PHP  30. Illuminate\Routing\Router->runRouteWithinStack() /home/ubuntu/workspace/original-service/vendor/laravel/framework/src/Illuminate/Routing/Router.php:675
[07-Mar-2017 23:13:13 Asia/Tokyo] PHP  31. Illuminate\Pipeline\Pipeline->then() /home/ubuntu/workspace/original-service/vendor/laravel/framework/src/Illuminate/Routing/Router.php:710
[07-Mar-2017 23:13:13 Asia/Tokyo] PHP  32. call_user_func:{/home/ubuntu/workspace/original-service/vendor/laravel/framework/src/Illuminate/Pipeline/Pipeline.php:103}() /home/ubuntu/workspace/original-service/vendor/laravel/framework/src/Illuminate/Pipeline/Pipeline.php:103
[07-Mar-2017 23:13:13 Asia/Tokyo] PHP  33. Illuminate\Pipeline\Pipeline->Illuminate\Pipeline\{closure}() /home/ubuntu/workspace/original-service/vendor/laravel/framework/src/Illuminate/Pipeline/Pipeline.php:103
[07-Mar-2017 23:13:13 Asia/Tokyo] PHP  34. call_user_func:{/home/ubuntu/workspace/original-service/vendor/laravel/framework/src/Illuminate/Pipeline/Pipeline.php:139}() /home/ubuntu/workspace/original-service/vendor/laravel/framework/src/Illuminate/Pipeline/Pipeline.php:139
[07-Mar-2017 23:13:13 Asia/Tokyo] PHP  35. Illuminate\Routing\Router->Illuminate\Routing\{closure}() /home/ubuntu/workspace/original-service/vendor/laravel/framework/src/Illuminate/Pipeline/Pipeline.php:139
[07-Mar-2017 23:13:13 Asia/Tokyo] PHP  36. Illuminate\Routing\Router->prepareResponse() /home/ubuntu/workspace/original-service/vendor/laravel/framework/src/Illuminate/Routing/Router.php:709
[07-Mar-2017 23:13:13 Asia/Tokyo] PHP  37. Symfony\Component\HttpFoundation\Response->__construct() /home/ubuntu/workspace/original-service/vendor/laravel/framework/src/Illuminate/Routing/Router.php:1229
[07-Mar-2017 23:13:13 Asia/Tokyo] PHP  38. Illuminate\Http\Response->setContent() /home/ubuntu/workspace/original-service/vendor/symfony/http-foundation/Response.php:202
[07-Mar-2017 23:13:13 Asia/Tokyo] PHP  39. Illuminate\View\View->render() /home/ubuntu/workspace/original-service/vendor/laravel/framework/src/Illuminate/Http/Response.php:51
[07-Mar-2017 23:13:13 Asia/Tokyo] PHP  40. Illuminate\View\View->renderContents() /home/ubuntu/workspace/original-service/vendor/laravel/framework/src/Illuminate/View/View.php:83
[07-Mar-2017 23:13:13 Asia/Tokyo] PHP  41. Illuminate\View\View->getContents() /home/ubuntu/workspace/original-service/vendor/laravel/framework/src/Illuminate/View/View.php:118
[07-Mar-2017 23:13:13 Asia/Tokyo] PHP  42. Illuminate\View\Engines\CompilerEngine->get() /home/ubuntu/workspace/original-service/vendor/laravel/framework/src/Illuminate/View/View.php:147
[07-Mar-2017 23:13:13 Asia/Tokyo] PHP  43. Illuminate\View\Engines\PhpEngine->evaluatePath() /home/ubuntu/workspace/original-service/vendor/laravel/framework/src/Illuminate/View/Engines/CompilerEngine.php:58
[07-Mar-2017 23:13:13 Asia/Tokyo] PHP  44. include() /home/ubuntu/workspace/original-service/vendor/laravel/framework/src/Illuminate/View/Engines/PhpEngine.php:42
[07-Mar-2017 23:13:13 Asia/Tokyo] PHP  45. Illuminate\View\View->render() /home/ubuntu/workspace/original-service/storage/framework/views/4d687632ecde75e396874d39a8792b04:17
[07-Mar-2017 23:13:13 Asia/Tokyo] PHP  46. Illuminate\View\View->renderContents() /home/ubuntu/workspace/original-service/vendor/laravel/framework/src/Illuminate/View/View.php:83
[07-Mar-2017 23:13:13 Asia/Tokyo] PHP  47. Illuminate\View\View->getContents() /home/ubuntu/workspace/original-service/vendor/laravel/framework/src/Illuminate/View/View.php:118
[07-Mar-2017 23:13:13 Asia/Tokyo] PHP  48. Illuminate\View\Engines\CompilerEngine->get() /home/ubuntu/workspace/original-service/vendor/laravel/framework/src/Illuminate/View/View.php:147
[07-Mar-2017 23:13:13 Asia/Tokyo] PHP  49. Illuminate\View\Engines\PhpEngine->evaluatePath() /home/ubuntu/workspace/original-service/vendor/laravel/framework/src/Illuminate/View/Engines/CompilerEngine.php:58
[07-Mar-2017 23:13:13 Asia/Tokyo] PHP  50. include() /home/ubuntu/workspace/original-service/vendor/laravel/framework/src/Illuminate/View/Engines/PhpEngine.php:42
[07-Mar-2017 23:13:13 Asia/Tokyo] PHP  51. Illuminate\View\View->render() /home/ubuntu/workspace/original-service/storage/framework/views/555fa9c52ec4d11ebe04db7658f5d736:13
[07-Mar-2017 23:13:13 Asia/Tokyo] PHP  52. Illuminate\View\View->renderContents() /home/ubuntu/workspace/original-service/vendor/laravel/framework/src/Illuminate/View/View.php:83
[07-Mar-2017 23:13:13 Asia/Tokyo] PHP  53. Illuminate\View\View->getContents() /home/ubuntu/workspace/original-service/vendor/laravel/framework/src/Illuminate/View/View.php:118
[07-Mar-2017 23:13:13 Asia/Tokyo] PHP  54. Illuminate\View\Engines\CompilerEngine->get() /home/ubuntu/workspace/original-service/vendor/laravel/framework/src/Illuminate/View/View.php:147
[07-Mar-2017 23:13:13 Asia/Tokyo] PHP  55. Illuminate\View\Engines\PhpEngine->evaluatePath() /home/ubuntu/workspace/original-service/vendor/laravel/framework/src/Illuminate/View/Engines/CompilerEngine.php:58
